2026-01-28 19:10:03,948 [INFO] Activator:176 - 


2026-01-28 19:10:03,949 [INFO] Activator:177 - !SESSION log4j initialized
2026-01-28 19:10:05,304 [ERROR] LogOutputStream:75 - [STDERR_REDIRECT] 
2026-01-28 19:10:07,307 [INFO] LogOutputStream:77 - [STDOUT_REDIRECT] 
2026-01-28 19:10:09,036 [INFO] ApplicationProperties:184 - Using Application install path: /Applications/STM32CubeIDE.app/Contents/Eclipse/plugins/com.st.stm32cube.common.mx_6.15.0.202507011659
2026-01-28 19:10:09,053 [INFO] DbMcusXml:78 - Set database path to: /Applications/STM32CubeIDE.app/Contents/Eclipse/plugins/com.st.stm32cube.common.mx_6.15.0.202507011659//db//mcu/
2026-01-28 19:10:09,053 [INFO] ApiDb:274 - Set plugin database path to: /Applications/STM32CubeIDE.app/Contents/Eclipse/plugins/com.st.stm32cube.common.mx_6.15.0.202507011659//db//plugins/boardmanager/
2026-01-28 19:10:09,054 [WARN] ApiDb:259 - Overriding images path with different value:  => /Applications/STM32CubeIDE.app/Contents/Eclipse/plugins/com.st.stm32cube.common.mx_6.15.0.202507011659//db//plugins/mcufinder/images/
2026-01-28 19:10:09,059 [INFO] ApiDb:250 - Set database path to: /Users/victor/.stmcufinder/plugins/mcufinder//mcu/
2026-01-28 19:10:09,060 [INFO] DbMcusAds:125 - Set database path to: /Users/victor/.stmcufinder/plugins/mcufinder//mcu/
2026-01-28 19:10:09,061 [INFO] CrossReferenceDbSqlite:203 - Set database path to: /Users/victor/.stmcufinder/plugins/mcufinder//mcu/cs/
2026-01-28 19:10:09,195 [INFO] RulesReader:64 - Compatibility file has been processed (317 Rules)
2026-01-28 19:10:09,245 [INFO] DbMcusXml:78 - Set database path to: /Applications/STM32CubeIDE.app/Contents/Eclipse/plugins/com.st.stm32cube.common.mx_6.15.0.202507011659//db//mcu/
2026-01-28 19:10:09,245 [INFO] ApiDb:274 - Set plugin database path to: /Applications/STM32CubeIDE.app/Contents/Eclipse/plugins/com.st.stm32cube.common.mx_6.15.0.202507011659//db//plugins/boardmanager/
2026-01-28 19:10:09,245 [INFO] ApiDb:261 - Set plugin images path to: /Applications/STM32CubeIDE.app/Contents/Eclipse/plugins/com.st.stm32cube.common.mx_6.15.0.202507011659//db//plugins/mcufinder/images/
2026-01-28 19:10:09,245 [WARN] DbFile:41 - Overriding database path with different value: /Users/victor/.stmcufinder/plugins/mcufinder/ => /Users/victor/.stmcufinder/plugins/mcufinder
2026-01-28 19:10:09,246 [INFO] ApiDb:250 - Set database path to: /Users/victor/.stmcufinder/plugins/mcufinder//mcu/
2026-01-28 19:10:09,246 [WARN] DbFile:41 - Overriding database path with different value: /Users/victor/.stmcufinder/plugins/mcufinder/ => /Users/victor/.stmcufinder/plugins/mcufinder
2026-01-28 19:10:09,246 [INFO] DbMcusAds:125 - Set database path to: /Users/victor/.stmcufinder/plugins/mcufinder//mcu/
2026-01-28 19:10:09,246 [WARN] DbFile:41 - Overriding database path with different value: /Users/victor/.stmcufinder/plugins/mcufinder/ => /Users/victor/.stmcufinder/plugins/mcufinder
2026-01-28 19:10:09,246 [WARN] DbFile:41 - Overriding database path with different value: /Users/victor/.stmcufinder/plugins/mcufinder/ => /Users/victor/.stmcufinder/plugins/mcufinder
2026-01-28 19:10:09,246 [INFO] CrossReferenceDbSqlite:203 - Set database path to: /Users/victor/.stmcufinder/plugins/mcufinder//mcu/cs/
2026-01-28 19:10:09,310 [INFO] MainPanel:274 - HeapMemory: 268435456
2026-01-28 19:10:09,710 [INFO] DbMcusXml:78 - Set database path to: /Applications/STM32CubeIDE.app/Contents/Eclipse/plugins/com.st.stm32cube.common.mx_6.15.0.202507011659//db//mcu/
2026-01-28 19:10:09,710 [INFO] ApiDb:274 - Set plugin database path to: /Applications/STM32CubeIDE.app/Contents/Eclipse/plugins/com.st.stm32cube.common.mx_6.15.0.202507011659//db//plugins/boardmanager/
2026-01-28 19:10:09,710 [INFO] ApiDb:261 - Set plugin images path to: /Applications/STM32CubeIDE.app/Contents/Eclipse/plugins/com.st.stm32cube.common.mx_6.15.0.202507011659//db//plugins/mcufinder/images/
2026-01-28 19:10:09,710 [WARN] DbFile:41 - Overriding database path with different value: /Users/victor/.stmcufinder/plugins/mcufinder/ => /Users/victor/.stmcufinder/plugins/mcufinder
2026-01-28 19:10:09,710 [INFO] ApiDb:250 - Set database path to: /Users/victor/.stmcufinder/plugins/mcufinder//mcu/
2026-01-28 19:10:09,711 [WARN] DbFile:41 - Overriding database path with different value: /Users/victor/.stmcufinder/plugins/mcufinder/ => /Users/victor/.stmcufinder/plugins/mcufinder
2026-01-28 19:10:09,711 [INFO] DbMcusAds:125 - Set database path to: /Users/victor/.stmcufinder/plugins/mcufinder//mcu/
2026-01-28 19:10:09,711 [WARN] DbFile:41 - Overriding database path with different value: /Users/victor/.stmcufinder/plugins/mcufinder/ => /Users/victor/.stmcufinder/plugins/mcufinder
2026-01-28 19:10:09,711 [WARN] DbFile:41 - Overriding database path with different value: /Users/victor/.stmcufinder/plugins/mcufinder/ => /Users/victor/.stmcufinder/plugins/mcufinder
2026-01-28 19:10:09,711 [INFO] CrossReferenceDbSqlite:203 - Set database path to: /Users/victor/.stmcufinder/plugins/mcufinder//mcu/cs/
2026-01-28 19:10:09,726 [INFO] ApplicationProperties:184 - Using Application install path: /Applications/STM32CubeIDE.app/Contents/Eclipse/plugins/com.st.stm32cube.common.mx_6.15.0.202507011659
2026-01-28 19:10:09,727 [INFO] PluginManage:196 - Search for loadable plugins [exclusion list=, ]
2026-01-28 19:10:09,728 [INFO] PluginManage:310 - Check plugin analytics
2026-01-28 19:10:09,987 [INFO] AnalyticsPlugin:253 - Accepted Software Licenses: 
2026-01-28 19:10:09,987 [INFO] AnalyticsPlugin:255 - Accepted CMSIS Pack Licenses: 
2026-01-28 19:10:09,987 [INFO] AnalyticsPlugin:257 - Accepted Firmware Licenses: FW.L4.1.18.0
2026-01-28 19:10:10,000 [INFO] PluginManage:359 - Loaded plugin analytics (category:tool,tabindex:-1)
2026-01-28 19:10:10,001 [INFO] PluginManage:310 - Check plugin cadmodel
2026-01-28 19:10:10,009 [INFO] CADModel:105 - Init CAD model plugin
2026-01-28 19:10:10,009 [INFO] PluginManage:359 - Loaded plugin cadmodel (category:power,tabindex:5)
2026-01-28 19:10:10,010 [INFO] PluginManage:310 - Check plugin clock
2026-01-28 19:10:10,017 [INFO] PluginManage:359 - Loaded plugin clock (category:base,tabindex:2)
2026-01-28 19:10:10,018 [INFO] PluginManage:310 - Check plugin ddr
2026-01-28 19:10:10,021 [INFO] PluginManage:359 - Loaded plugin ddr (category:tool,tabindex:6)
2026-01-28 19:10:10,021 [INFO] PluginManage:310 - Check plugin filemanager
2026-01-28 19:10:10,453 [INFO] PluginManage:359 - Loaded plugin filemanager (category:base,tabindex:10)
2026-01-28 19:10:10,456 [INFO] PluginManage:310 - Check plugin ipmanager
2026-01-28 19:10:10,497 [INFO] PluginManage:359 - Loaded plugin ipmanager (category:base,tabindex:5)
2026-01-28 19:10:10,498 [INFO] PluginManage:310 - Check plugin lpbam
2026-01-28 19:10:10,518 [INFO] PluginManage:359 - Loaded plugin lpbam (category:base,tabindex:0)
2026-01-28 19:10:10,518 [INFO] PluginManage:310 - Check plugin memorymap
2026-01-28 19:10:10,533 [INFO] PluginManage:359 - Loaded plugin memorymap (category:base,tabindex:4)
2026-01-28 19:10:10,533 [INFO] PluginManage:310 - Check plugin pinoutandconfiguration
2026-01-28 19:10:10,541 [INFO] PluginManage:359 - Loaded plugin pinoutandconfiguration (category:base,tabindex:1)
2026-01-28 19:10:10,541 [INFO] PluginManage:310 - Check plugin pinoutconfig
2026-01-28 19:10:10,641 [WARN] SupportedApi:132 - Cannot load RTOS API schema: s4s-elt-must-match.1: The content of 'definitions' must match (annotation?, (simpleType | complexType)?, (unique | key | keyref)*)). A problem was found starting at: attribute.
2026-01-28 19:10:10,823 [INFO] PluginManage:359 - Loaded plugin pinoutconfig (category:base,tabindex:0)
2026-01-28 19:10:10,823 [INFO] PluginManage:310 - Check plugin power
2026-01-28 19:10:10,837 [INFO] PluginManage:359 - Loaded plugin power (category:power,tabindex:4)
2026-01-28 19:10:10,838 [INFO] PluginManage:310 - Check plugin projectmanager
2026-01-28 19:10:10,871 [INFO] PluginManage:359 - Loaded plugin projectmanager (category:projectmanager,tabindex:4)
2026-01-28 19:10:10,874 [INFO] PluginManage:310 - Check plugin rif
2026-01-28 19:10:10,883 [INFO] PluginManage:359 - Loaded plugin rif (category:base,tabindex:3)
2026-01-28 19:10:10,883 [INFO] PluginManage:310 - Check plugin thirdparty
2026-01-28 19:10:11,131 [INFO] PluginManage:359 - Loaded plugin thirdparty (category:base,tabindex:-1)
2026-01-28 19:10:11,132 [INFO] PluginManage:310 - Check plugin tools
2026-01-28 19:10:11,131 [WARN] IntegrityCheckThread:84 - waiting for thirdparty lock release [integrity check]
2026-01-28 19:10:11,136 [INFO] PluginManage:359 - Loaded plugin tools (category:base,tabindex:7)
2026-01-28 19:10:11,136 [INFO] IntegrityCheckThread:86 - entering critical section [integrity check]
2026-01-28 19:10:11,136 [INFO] PluginManage:310 - Check plugin tutovideos
2026-01-28 19:10:11,137 [INFO] ThirdPartyUpdaterWithRetryManager:70 - Updater plugin not ready yet. [1/15]
2026-01-28 19:10:11,419 [INFO] PluginManage:359 - Loaded plugin tutovideos (category:base,tabindex:-1)
2026-01-28 19:10:11,419 [INFO] PluginManage:310 - Check plugin updater
2026-01-28 19:10:11,461 [INFO] PluginManage:359 - Loaded plugin updater (category:base,tabindex:12)
2026-01-28 19:10:11,461 [INFO] PluginManage:310 - Check plugin userauth
2026-01-28 19:10:11,466 [INFO] UserAuth:118 - Init User Auth plugin
2026-01-28 19:10:11,467 [INFO] PluginManage:359 - Loaded plugin userauth (category:base,tabindex:14)
2026-01-28 19:10:11,468 [INFO] PluginManage:283 - PluginManage : Loaded plugins [18]
2026-01-28 19:10:11,724 [INFO] PinOutPanel:1589 - setPackage(No Configuration,No Configuration)
2026-01-28 19:10:11,804 [INFO] CADModel:165 - CPN selected for project level
2026-01-28 19:10:11,804 [INFO] CADModel:114 - Register for checkConnection events
2026-01-28 19:10:11,813 [INFO] IPUIPlugin:80 - create IPUIPlugin
2026-01-28 19:10:11,813 [INFO] PluginManager:220 - loadIPPluginJar : add mdma
2026-01-28 19:10:11,818 [INFO] IPUIPlugin:80 - create IPUIPlugin
2026-01-28 19:10:11,819 [INFO] PluginManager:220 - loadIPPluginJar : add freertos
2026-01-28 19:10:11,822 [INFO] IPUIPlugin:80 - create IPUIPlugin
2026-01-28 19:10:11,822 [INFO] PluginManager:220 - loadIPPluginJar : add gic
2026-01-28 19:10:11,829 [INFO] IPUIPlugin:80 - create IPUIPlugin
2026-01-28 19:10:11,829 [INFO] PluginManager:220 - loadIPPluginJar : add adc
2026-01-28 19:10:11,831 [INFO] IPUIPlugin:80 - create IPUIPlugin
2026-01-28 19:10:11,831 [INFO] PluginManager:220 - loadIPPluginJar : add gtzc
2026-01-28 19:10:11,831 [INFO] IPUIPlugin:80 - create IPUIPlugin
2026-01-28 19:10:11,831 [INFO] PluginManager:220 - loadIPPluginJar : add quadspi
2026-01-28 19:10:11,832 [INFO] IPUIPlugin:80 - create IPUIPlugin
2026-01-28 19:10:11,832 [INFO] PluginManager:220 - loadIPPluginJar : add aes
2026-01-28 19:10:11,834 [INFO] IPUIPlugin:80 - create IPUIPlugin
2026-01-28 19:10:11,835 [INFO] PluginManager:220 - loadIPPluginJar : add pdm2pcm
2026-01-28 19:10:11,835 [INFO] IPUIPlugin:80 - create IPUIPlugin
2026-01-28 19:10:11,836 [INFO] PluginManager:220 - loadIPPluginJar : add hash
2026-01-28 19:10:11,836 [INFO] IPUIPlugin:80 - create IPUIPlugin
2026-01-28 19:10:11,836 [INFO] PluginManager:220 - loadIPPluginJar : add tim
2026-01-28 19:10:11,837 [INFO] IPUIPlugin:80 - create IPUIPlugin
2026-01-28 19:10:11,838 [INFO] PluginManager:220 - loadIPPluginJar : add tsc
2026-01-28 19:10:11,840 [INFO] IPUIPlugin:80 - create IPUIPlugin
2026-01-28 19:10:11,840 [INFO] PluginManager:220 - loadIPPluginJar : add extmemmanager
2026-01-28 19:10:11,841 [INFO] IPUIPlugin:80 - create IPUIPlugin
2026-01-28 19:10:11,842 [INFO] PluginManager:220 - loadIPPluginJar : add ts
2026-01-28 19:10:11,843 [INFO] IPUIPlugin:80 - create IPUIPlugin
2026-01-28 19:10:11,843 [INFO] PluginManager:220 - loadIPPluginJar : add radio
2026-01-28 19:10:11,845 [INFO] IPUIPlugin:80 - create IPUIPlugin
2026-01-28 19:10:11,845 [INFO] PluginManager:220 - loadIPPluginJar : add can
2026-01-28 19:10:11,846 [INFO] IPUIPlugin:80 - create IPUIPlugin
2026-01-28 19:10:11,846 [INFO] PluginManager:220 - loadIPPluginJar : add dma3
2026-01-28 19:10:11,848 [INFO] IPUIPlugin:80 - create IPUIPlugin
2026-01-28 19:10:11,848 [INFO] PluginManager:220 - loadIPPluginJar : add dfsdm
2026-01-28 19:10:11,849 [INFO] IPUIPlugin:80 - create IPUIPlugin
2026-01-28 19:10:11,849 [INFO] PluginManager:220 - loadIPPluginJar : add spi
2026-01-28 19:10:11,850 [INFO] IPUIPlugin:80 - create IPUIPlugin
2026-01-28 19:10:11,851 [INFO] PluginManager:220 - loadIPPluginJar : add gfxmmu
2026-01-28 19:10:11,852 [INFO] IPUIPlugin:80 - create IPUIPlugin
2026-01-28 19:10:11,852 [INFO] PluginManager:220 - loadIPPluginJar : add genericplugin
2026-01-28 19:10:11,853 [INFO] IPUIPlugin:80 - create IPUIPlugin
2026-01-28 19:10:11,853 [INFO] PluginManager:220 - loadIPPluginJar : add cryp
2026-01-28 19:10:11,857 [INFO] IPUIPlugin:80 - create IPUIPlugin
2026-01-28 19:10:11,857 [INFO] PluginManager:220 - loadIPPluginJar : add gpio
2026-01-28 19:10:11,859 [INFO] IPUIPlugin:80 - create IPUIPlugin
2026-01-28 19:10:11,859 [INFO] PluginManager:220 - loadIPPluginJar : add ddr_ctrl_phy
2026-01-28 19:10:11,860 [INFO] IPUIPlugin:80 - create IPUIPlugin
2026-01-28 19:10:11,860 [INFO] PluginManager:220 - loadIPPluginJar : add comp
2026-01-28 19:10:11,862 [INFO] IPUIPlugin:80 - create IPUIPlugin
2026-01-28 19:10:11,862 [INFO] PluginManager:220 - loadIPPluginJar : add tracer_emb
2026-01-28 19:10:11,865 [INFO] IPUIPlugin:80 - create IPUIPlugin
2026-01-28 19:10:11,865 [INFO] PluginManager:220 - loadIPPluginJar : add openamp
2026-01-28 19:10:11,868 [INFO] IPUIPlugin:80 - create IPUIPlugin
2026-01-28 19:10:11,868 [INFO] PluginManager:220 - loadIPPluginJar : add stm32_wpan
2026-01-28 19:10:11,872 [INFO] IPUIPlugin:80 - create IPUIPlugin
2026-01-28 19:10:11,875 [INFO] PluginManager:220 - loadIPPluginJar : add plateformsettings
2026-01-28 19:10:11,877 [INFO] IPUIPlugin:80 - create IPUIPlugin
2026-01-28 19:10:11,877 [INFO] PluginManager:220 - loadIPPluginJar : add ipddr
2026-01-28 19:10:11,878 [INFO] IPUIPlugin:80 - create IPUIPlugin
2026-01-28 19:10:11,878 [INFO] PluginManager:220 - loadIPPluginJar : add usart
2026-01-28 19:10:11,879 [INFO] IPUIPlugin:80 - create IPUIPlugin
2026-01-28 19:10:11,879 [INFO] PluginManager:220 - loadIPPluginJar : add ltdc
2026-01-28 19:10:11,880 [INFO] IPUIPlugin:80 - create IPUIPlugin
2026-01-28 19:10:11,880 [INFO] PluginManager:220 - loadIPPluginJar : add nvic
2026-01-28 19:10:11,881 [INFO] IPUIPlugin:80 - create IPUIPlugin
2026-01-28 19:10:11,881 [INFO] PluginManager:220 - loadIPPluginJar : add fatfs
2026-01-28 19:10:11,885 [INFO] IPUIPlugin:80 - create IPUIPlugin
2026-01-28 19:10:11,885 [INFO] PluginManager:220 - loadIPPluginJar : add linkedlist
2026-01-28 19:10:11,888 [INFO] IPUIPlugin:80 - create IPUIPlugin
2026-01-28 19:10:11,888 [INFO] PluginManager:220 - loadIPPluginJar : add dma
2026-01-28 19:10:11,891 [INFO] IPUIPlugin:80 - create IPUIPlugin
2026-01-28 19:10:11,891 [INFO] PluginManager:220 - loadIPPluginJar : add fmc
2026-01-28 19:10:11,892 [INFO] IPUIPlugin:80 - create IPUIPlugin
2026-01-28 19:10:11,892 [INFO] PluginManager:220 - loadIPPluginJar : add i2s
2026-01-28 19:10:11,893 [INFO] IPUIPlugin:80 - create IPUIPlugin
2026-01-28 19:10:11,893 [INFO] PluginManager:220 - loadIPPluginJar : add ucpd
2026-01-28 19:10:11,894 [INFO] IPUIPlugin:80 - create IPUIPlugin
2026-01-28 19:10:11,895 [INFO] PluginManager:220 - loadIPPluginJar : add lorawan
2026-01-28 19:10:11,896 [INFO] IPUIPlugin:80 - create IPUIPlugin
2026-01-28 19:10:11,896 [INFO] PluginManager:220 - loadIPPluginJar : add opamp
2026-01-28 19:10:11,898 [INFO] IPUIPlugin:80 - create IPUIPlugin
2026-01-28 19:10:11,898 [INFO] PluginManager:220 - loadIPPluginJar : add i3c
2026-01-28 19:10:11,901 [INFO] IPUIPlugin:80 - create IPUIPlugin
2026-01-28 19:10:11,901 [INFO] PluginManager:220 - loadIPPluginJar : add touchsensing
2026-01-28 19:10:11,903 [INFO] IPUIPlugin:80 - create IPUIPlugin
2026-01-28 19:10:11,904 [INFO] PluginManager:220 - loadIPPluginJar : add i2c
2026-01-28 19:10:11,907 [INFO] IPUIPlugin:80 - create IPUIPlugin
2026-01-28 19:10:11,907 [INFO] PluginManager:220 - loadIPPluginJar : add resmgrutility
2026-01-28 19:10:11,909 [INFO] IPUIPlugin:80 - create IPUIPlugin
2026-01-28 19:10:11,909 [INFO] PluginManager:220 - loadIPPluginJar : add sai
2026-01-28 19:10:11,910 [INFO] IPUIPlugin:80 - create IPUIPlugin
2026-01-28 19:10:11,910 [INFO] PluginManager:220 - loadIPPluginJar : add usbx
2026-01-28 19:10:12,024 [FATAL] Updater:351 - Updater called before beeing initialized
2026-01-28 19:10:12,094 [INFO] RulesReader:64 - Compatibility file has been processed (317 Rules)
2026-01-28 19:10:12,107 [INFO] RulesReader:64 - Compatibility file has been processed (317 Rules)
2026-01-28 19:10:12,120 [INFO] CADModel:165 - CPN selected for project level
2026-01-28 19:10:12,123 [INFO] CADModel:114 - Register for checkConnection events
2026-01-28 19:10:12,123 [FATAL] Updater:351 - Updater called before beeing initialized
2026-01-28 19:10:12,124 [ERROR] CADModel:125 - Updater not yet initialized, retry later 
2026-01-28 19:10:12,379 [FATAL] Updater:351 - Updater called before beeing initialized
2026-01-28 19:10:12,381 [INFO] CADModel:165 - CPN selected for project level
2026-01-28 19:10:12,381 [INFO] CADModel:114 - Register for checkConnection events
2026-01-28 19:10:12,381 [FATAL] Updater:351 - Updater called before beeing initialized
2026-01-28 19:10:12,381 [ERROR] CADModel:125 - Updater not yet initialized, retry later 
2026-01-28 19:10:12,383 [FATAL] Updater:351 - Updater called before beeing initialized
2026-01-28 19:10:12,540 [FATAL] Updater:351 - Updater called before beeing initialized
2026-01-28 19:10:12,544 [INFO] DbMcusAds:53 - JSON generation date=Thu Jan 08 10:57:51 EST 2026 (1767887871456)
2026-01-28 19:10:12,544 [FATAL] Updater:351 - Updater called before beeing initialized
2026-01-28 19:10:12,592 [WARN] DetailPanel:346 - Failed to get advertising image, set to default
2026-01-28 19:10:12,674 [FATAL] Updater:351 - Updater called before beeing initialized
2026-01-28 19:10:12,676 [FATAL] Updater:351 - Updater called before beeing initialized
2026-01-28 19:10:12,677 [FATAL] Updater:351 - Updater called before beeing initialized
2026-01-28 19:10:12,678 [WARN] DetailPanel:346 - Failed to get advertising image, set to default
2026-01-28 19:10:12,680 [FATAL] Updater:351 - Updater called before beeing initialized
2026-01-28 19:10:12,728 [ERROR] Updater:1198 - MainUpdater not yet initialized. External WinMGr cannot be set.
2026-01-28 19:10:12,737 [INFO] Updater:1134 - Updater Version found : 6.15.0
2026-01-28 19:10:12,749 [INFO] ApplicationProperties:184 - Using Application install path: /Applications/STM32CubeIDE.app/Contents/Eclipse/plugins/com.st.stm32cube.common.mx_6.15.0.202507011659
2026-01-28 19:10:13,023 [INFO] MainUpdater:2872 - connection check result : 10
2026-01-28 19:10:13,023 [INFO] MainUpdater:289 - Updater Check For Update Now.
2026-01-28 19:10:13,024 [INFO] MicroXplorer:498 - Change Database Version : DB.6.0.150
2026-01-28 19:10:13,028 [INFO] McuFinderGlobals:63 - Set McuFinder mode to 2 (CubeIDE integrated)
2026-01-28 19:10:13,030 [INFO] UserAuth:487 - Internet connection configuration mode: 1
2026-01-28 19:10:13,044 [INFO] JxBrowserEngine:152 - Initiate JxBrowser Engine with user profile folder
2026-01-28 19:10:13,264 [INFO] CheckServerUpdateThread:120 - End of CheckServer Thread
2026-01-28 19:10:14,351 [WARN] PackLoader:240 - Cannot read IP mode file for STMicroelectronics.FP-SNS-MOTENVWB1.1.4.0
2026-01-28 19:10:14,374 [WARN] PackLoader:240 - Cannot read IP mode file for STMicroelectronics.FP-ATR-ASTRA1.2.0.2
2026-01-28 19:10:14,388 [WARN] PackLoader:240 - Cannot read IP mode file for STMicroelectronics.X-CUBE-SMBUS.2.1.0
2026-01-28 19:10:14,431 [WARN] PackLoader:240 - Cannot read IP mode file for STMicroelectronics.X-CUBE-AZRTOS-F7.1.1.0
2026-01-28 19:10:14,453 [WARN] PackLoader:240 - Cannot read IP mode file for STMicroelectronics.FP-SNS-MOTENV1.5.1.0
2026-01-28 19:10:14,478 [WARN] PackLoader:240 - Cannot read IP mode file for WES.I-CUBE-Cesium.1.4.0
2026-01-28 19:10:14,524 [WARN] PackLoader:240 - Cannot read IP mode file for STMicroelectronics.X-CUBE-AZRTOS-H7.3.4.0
2026-01-28 19:10:14,549 [WARN] PackLoader:240 - Cannot read IP mode file for STMicroelectronics.X-CUBE-DISPLAY.3.0.0
2026-01-28 19:10:14,601 [WARN] PackLoader:240 - Cannot read IP mode file for STMicroelectronics.X-CUBE-NFC10.1.0.0
2026-01-28 19:10:14,613 [WARN] PackLoader:240 - Cannot read IP mode file for STMicroelectronics.X-CUBE-ST60.1.1.0
2026-01-28 19:10:14,621 [WARN] PackLoader:240 - Cannot read IP mode file for emotas.I-CUBE-CANOPEN.1.3.0
2026-01-28 19:10:14,633 [WARN] PackLoader:240 - Cannot read IP mode file for STMicroelectronics.X-CUBE-GNSS1.7.1.0
2026-01-28 19:10:14,649 [WARN] PackLoader:240 - Cannot read IP mode file for STMicroelectronics.FP-SNS-STBOX1.2.1.0
2026-01-28 19:10:14,664 [WARN] PackLoader:240 - Cannot read IP mode file for STMicroelectronics.FP-SNS-SMARTAG2.1.2.0
2026-01-28 19:10:14,668 [WARN] PackLoader:240 - Cannot read IP mode file for STMicroelectronics.FP-SNS-FLIGHT1.5.1.0
2026-01-28 19:10:14,715 [INFO] LogOutputStream:77 - [STDOUT_REDIRECT] 1 : Invalid condition id : UX_CORESTACK_Condition cause : null
2026-01-28 19:10:14,716 [INFO] LogOutputStream:77 - [STDOUT_REDIRECT] 1 : Invalid condition id : UX_CORESTACK_Condition cause : null
2026-01-28 19:10:14,716 [INFO] LogOutputStream:77 - [STDOUT_REDIRECT] 1 : Invalid condition id : UX_CORESTACK_Condition cause : null
2026-01-28 19:10:14,716 [INFO] LogOutputStream:77 - [STDOUT_REDIRECT] 1 : Invalid condition id : UX_CORESTACK_Condition cause : null
2026-01-28 19:10:14,716 [INFO] LogOutputStream:77 - [STDOUT_REDIRECT] 1 : Invalid condition id : UX_CORESTACK_Condition cause : null
2026-01-28 19:10:14,727 [WARN] PackLoader:240 - Cannot read IP mode file for STMicroelectronics.X-CUBE-AZRTOS-WL.2.0.0
2026-01-28 19:10:14,764 [WARN] PackLoader:240 - Cannot read IP mode file for STMicroelectronics.X-CUBE-AZRTOS-H7RS.1.2.0
2026-01-28 19:10:14,789 [WARN] PackLoader:240 - Cannot read IP mode file for STMicroelectronics.X-CUBE-BLE2.3.3.0
2026-01-28 19:10:14,855 [WARN] PackLoader:240 - Cannot read IP mode file for Infineon.AIROC-Wi-Fi-Bluetooth-STM32.1.8.0
2026-01-28 19:10:14,879 [WARN] PackLoader:240 - Cannot read IP mode file for STMicroelectronics.X-CUBE-NFC9.1.0.0
2026-01-28 19:10:14,887 [WARN] PackLoader:240 - Cannot read IP mode file for STMicroelectronics.X-CUBE-BLE1.7.1.0
2026-01-28 19:10:14,910 [WARN] PackLoader:240 - Cannot read IP mode file for wolfSSL.I-CUBE-wolfMQTT.1.19.2
2026-01-28 19:10:15,151 [WARN] PackLoader:240 - Cannot read IP mode file for STMicroelectronics.X-CUBE-FREERTOS.1.4.0
2026-01-28 19:10:15,179 [WARN] PackLoader:240 - Cannot read IP mode file for STMicroelectronics.X-CUBE-EEPRMA1.5.2.0
2026-01-28 19:10:15,201 [WARN] PackLoader:240 - Cannot read IP mode file for wolfSSL.I-CUBE-wolfSSL.5.8.4
2026-01-28 19:10:15,205 [WARN] PackLoader:240 - Cannot read IP mode file for Cesanta.I-CUBE-Mongoose.7.20.0
2026-01-28 19:10:15,293 [WARN] PackLoader:240 - Cannot read IP mode file for STMicroelectronics.X-CUBE-MEMS1.12.0.0
2026-01-28 19:10:15,395 [WARN] PackLoader:240 - Cannot read IP mode file for STMicroelectronics.X-CUBE-AZRTOS-G0.1.1.0
2026-01-28 19:10:15,413 [WARN] PackLoader:240 - Cannot read IP mode file for STMicroelectronics.X-CUBE-NFC4.3.0.0
2026-01-28 19:10:15,430 [WARN] PackLoader:240 - Cannot read IP mode file for EmbeddedOffice.I-CUBE-FS-RTOS.1.0.1
2026-01-28 19:10:15,443 [WARN] PackLoader:240 - Cannot read IP mode file for STMicroelectronics.X-CUBE-WB05N.2.0.0
2026-01-28 19:10:15,453 [WARN] PackLoader:240 - Cannot read IP mode file for wolfSSL.I-CUBE-wolfTPM.3.8.0
2026-01-28 19:10:15,459 [WARN] PackLoader:240 - Cannot read IP mode file for STMicroelectronics.X-CUBE-TCPP.4.2.0
2026-01-28 19:10:15,465 [WARN] PackLoader:240 - Cannot read IP mode file for RealThread.X-CUBE-RT-Thread_Nano.4.1.1
2026-01-28 19:10:15,494 [WARN] PackLoader:240 - Cannot read IP mode file for STMicroelectronics.FP-ATR-SIGFOX1.3.2.0
2026-01-28 19:10:15,503 [WARN] PackLoader:240 - Cannot read IP mode file for ITTIA_DB.I-CUBE-ITTIADB.8.9.0
2026-01-28 19:10:15,520 [WARN] PackLoader:240 - Cannot read IP mode file for STMicroelectronics.X-CUBE-NFC6.3.2.0
2026-01-28 19:10:15,538 [WARN] PackLoader:240 - Cannot read IP mode file for STMicroelectronics.X-CUBE-AI.10.2.0
2026-01-28 19:10:15,604 [WARN] PackLoader:240 - Cannot read IP mode file for SEGGER.I-CUBE-embOS.1.3.1
2026-01-28 19:10:15,642 [WARN] PackLoader:240 - Cannot read IP mode file for STMicroelectronics.X-CUBE-ALGOBUILD.1.4.0
2026-01-28 19:10:15,646 [WARN] PackLoader:240 - Cannot read IP mode file for STMicroelectronics.X-CUBE-PM33A1.1.0.0
2026-01-28 19:10:15,669 [WARN] PackLoader:240 - Cannot read IP mode file for STMicroelectronics.X-CUBE-AZRTOS-F4.1.1.0
2026-01-28 19:10:15,678 [WARN] PackLoader:240 - Cannot read IP mode file for STMicroelectronics.X-CUBE-ISPU.2.1.0
2026-01-28 19:10:15,692 [WARN] PackLoader:240 - Cannot read IP mode file for STMicroelectronics.X-CUBE-IPS.3.2.0
2026-01-28 19:10:15,705 [WARN] PackLoader:240 - Cannot read IP mode file for STMicroelectronics.X-CUBE-NFC12.1.0.0
2026-01-28 19:10:15,726 [WARN] PackLoader:240 - Cannot read IP mode file for STMicroelectronics.X-CUBE-AZRTOS-L5.2.0.0
2026-01-28 19:10:15,740 [WARN] PackLoader:240 - Cannot read IP mode file for STMicroelectronics.X-CUBE-NFC6.3.1.0
2026-01-28 19:10:15,753 [WARN] PackLoader:240 - Cannot read IP mode file for STMicroelectronics.X-CUBE-TOUCHGFX.4.26.0
2026-01-28 19:10:15,756 [WARN] PackLoader:240 - Cannot read IP mode file for STMicroelectronics.FP-SNS-STAIOTCFT.1.0.0
2026-01-28 19:10:15,763 [WARN] PackLoader:240 - Cannot read IP mode file for STMicroelectronics.X-CUBE-DPower.1.3.0
2026-01-28 19:10:15,784 [WARN] ConditionMgr:438 - getConditionDescription Invalid condition id : LAN8742 Phy interface Condition cause : null
2026-01-28 19:10:15,786 [WARN] PackLoader:240 - Cannot read IP mode file for STMicroelectronics.X-CUBE-AZRTOS-L4.2.0.0
2026-01-28 19:10:15,790 [WARN] ConditionMgr:1044 - genDependencies : Invalid condition id : LAN8742 Phy interface Condition cause : null
2026-01-28 19:10:15,791 [WARN] ConditionMgr:1044 - genDependencies : Invalid condition id : LAN8742 Phy interface Condition cause : null
2026-01-28 19:10:15,792 [WARN] ConditionMgr:1044 - genDependencies : Invalid condition id : LAN8742 Phy interface Condition cause : null
2026-01-28 19:10:15,801 [WARN] PackLoader:240 - Cannot read IP mode file for STMicroelectronics.X-CUBE-SFXS2LP1.4.0.0
2026-01-28 19:10:15,808 [WARN] PackLoader:240 - Cannot read IP mode file for STMicroelectronics.X-CUBE-ST67W61.1.2.0
2026-01-28 19:10:15,830 [WARN] PackLoader:240 - Cannot read IP mode file for STMicroelectronics.X-CUBE-BLEMGR.4.1.0
2026-01-28 19:10:15,853 [WARN] ConditionMgr:438 - getConditionDescription Invalid condition id : UX DEVICE CLASS RTOS Condition cause : null
2026-01-28 19:10:15,854 [WARN] ConditionMgr:438 - getConditionDescription Invalid condition id : UX DEVICE CLASS RTOS Condition cause : null
2026-01-28 19:10:15,857 [WARN] PackLoader:240 - Cannot read IP mode file for STMicroelectronics.X-CUBE-AZRTOS-WB.2.0.0
2026-01-28 19:10:15,858 [WARN] ConditionMgr:1044 - genDependencies : Invalid condition id : UX DEVICE CLASS RTOS Condition cause : null
2026-01-28 19:10:15,859 [WARN] ConditionMgr:1044 - genDependencies : Invalid condition id : UX DEVICE CLASS RTOS Condition cause : null
2026-01-28 19:10:15,859 [WARN] ConditionMgr:1044 - genDependencies : Invalid condition id : UX DEVICE CLASS RTOS Condition cause : null
2026-01-28 19:10:15,860 [WARN] ConditionMgr:1044 - genDependencies : Invalid condition id : UX DEVICE CLASS RTOS Condition cause : null
2026-01-28 19:10:15,860 [WARN] ConditionMgr:1044 - genDependencies : Invalid condition id : UX DEVICE CLASS RTOS Condition cause : null
2026-01-28 19:10:15,866 [WARN] ConditionMgr:438 - getConditionDescription Invalid condition id : Cortex-A Device cause : null
2026-01-28 19:10:15,890 [WARN] ConditionMgr:1044 - genDependencies : Invalid condition id : Cortex-A Device cause : null
2026-01-28 19:10:15,891 [WARN] ConditionMgr:1044 - genDependencies : Invalid condition id : Cortex-A Device cause : null
2026-01-28 19:10:15,891 [WARN] ConditionMgr:1044 - genDependencies : Invalid condition id : Cortex-A Device cause : null
2026-01-28 19:10:15,899 [WARN] PackLoader:240 - Cannot read IP mode file for STMicroelectronics.X-CUBE-STSE01.2.0.0
2026-01-28 19:10:15,916 [WARN] PackLoader:240 - Cannot read IP mode file for STMicroelectronics.X-CUBE-SUBG2.5.0.0
2026-01-28 19:10:15,946 [WARN] PackLoader:240 - Cannot read IP mode file for STMicroelectronics.X-CUBE-AZRTOS-G4.2.0.0
2026-01-28 19:10:15,953 [WARN] PackLoader:240 - Cannot read IP mode file for wolfSSL.I-CUBE-wolfSSH.1.4.20
2026-01-28 19:10:15,961 [WARN] PackLoader:240 - Cannot read IP mode file for STMicroelectronics.X-CUBE-NFC7.2.0.0
2026-01-28 19:10:15,968 [WARN] PackLoader:240 - Cannot read IP mode file for STMicroelectronics.X-CUBE-ALS.1.0.2
2026-01-28 19:10:15,976 [WARN] PackLoader:240 - Cannot read IP mode file for STMicroelectronics.X-CUBE-STSE01.1.0.0
2026-01-28 19:10:15,991 [WARN] PackLoader:240 - Cannot read IP mode file for STMicroelectronics.X-CUBE-TOF1.3.4.3
2026-01-28 19:10:16,015 [INFO] ThirdParty:978 - Integrity check success = true
2026-01-28 19:10:16,015 [INFO] IntegrityCheckThread:100 - exiting critical section [integrity check]
2026-01-28 19:10:16,015 [INFO] IntegrityCheckThread:103 - End integrity checks thread
2026-01-28 19:10:17,986 [INFO] WebApp:169 - Instantiating new browser for Auth
2026-01-28 19:10:19,489 [INFO] WebApp:463 - Apply proxy settings
2026-01-28 19:10:19,501 [INFO] WebApp:508 - Chromium authenticates against Manually configured proxy
2026-01-28 19:10:19,517 [INFO] WebApp:516 - Username used for proxy authentication: 
2026-01-28 19:10:19,566 [INFO] WebApp:900 - Register for checkConnection events
2026-01-28 19:10:19,566 [INFO] WebApp:463 - Apply proxy settings
2026-01-28 19:10:19,570 [INFO] WebApp:508 - Chromium authenticates against Manually configured proxy
2026-01-28 19:10:19,570 [INFO] WebApp:516 - Username used for proxy authentication: 
2026-01-28 19:10:19,717 [INFO] WebApp:225 - Starting web application
2026-01-28 19:10:19,717 [INFO] WebApp:593 - Web application path used /Applications/STM32CubeIDE.app/Contents/Eclipse/plugins/com.st.stm32cube.common.mx_6.15.0.202507011659/db/plugins/mcufinder/reactClient1/index.html
2026-01-28 19:10:20,154 [INFO] WebApp:191 - Connection restablished
2026-01-28 19:10:20,442 [INFO] UserAuth:487 - Internet connection configuration mode: 1
